<?xml version="1.0" encoding="UTF-8"?>
<testng-results ignored="0" total="1" passed="1" failed="0" skipped="0">
  <reporter-output>
  </reporter-output>
  <suite started-at="2023-04-05T11:58:08 IST" name="Default suite" finished-at="2023-04-05T11:59:03 IST" duration-ms="54805">
    <groups>
    </groups>
    <test started-at="2023-04-05T11:58:08 IST" name="Default test" finished-at="2023-04-05T11:59:03 IST" duration-ms="54805">
      <class name="testcases.LoginTestCases">
        <test-method is-config="true" signature="setup()[pri:0, instance:testcases.LoginTestCases@1afd44cb]" started-at="2023-04-05T11:58:08 IST" name="setup" finished-at="2023-04-05T11:58:25 IST" duration-ms="16308" status="PASS">
          <reporter-output>
          </reporter-output>
        </test-method> <!-- setup -->
        <test-method signature="verifyUser(java.lang.String,java.lang.String)[pri:0, instance:testcases.LoginTestCases@1afd44cb]" started-at="2023-04-05T11:58:25 IST" name="verifyUser" data-provider="readData" finished-at="2023-04-05T11:58:49 IST" duration-ms="24097" status="PASS">
          <params>
            <param index="0">
              <value>
                <![CDATA[mngr486054]]>
              </value>
            </param>
            <param index="1">
              <value>
                <![CDATA[Riyansh@12]]>
              </value>
            </param>
          </params>
          <reporter-output>
          </reporter-output>
        </test-method> <!-- verifyUser -->
        <test-method is-config="true" signature="tear()[pri:0, instance:testcases.LoginTestCases@1afd44cb]" started-at="2023-04-05T11:58:49 IST" name="tear" finished-at="2023-04-05T11:59:03 IST" duration-ms="14324" status="PASS">
          <reporter-output>
          </reporter-output>
        </test-method> <!-- tear -->
      </class> <!-- testcases.LoginTestCases -->
    </test> <!-- Default test -->
  </suite> <!-- Default suite -->
</testng-results>
